C:\Users\Tomer Hirshfeld\source\repos\ReactGithubProject\ReactGithubProject.Service\Scripts\infrastructure\bookmarking\RepositoryModel.js
C:\Users\Tomer Hirshfeld\source\repos\ReactGithubProject\ReactGithubProject.Service\Scripts\infrastructure\bookmarking\RepositoryModel.js.map
C:\Users\Tomer Hirshfeld\source\repos\ReactGithubProject\ReactGithubProject.Service\Scripts\infrastructure\bookmarking\BookmarkingService.js
C:\Users\Tomer Hirshfeld\source\repos\ReactGithubProject\ReactGithubProject.Service\Scripts\infrastructure\bookmarking\BookmarkingService.js.map
C:\Users\Tomer Hirshfeld\source\repos\ReactGithubProject\ReactGithubProject.Service\Scripts\contexts\bookmarked-repositories-context.js
C:\Users\Tomer Hirshfeld\source\repos\ReactGithubProject\ReactGithubProject.Service\Scripts\contexts\bookmarked-repositories-context.js.map
C:\Users\Tomer Hirshfeld\source\repos\ReactGithubProject\ReactGithubProject.Service\Scripts\components\repository\repository-name-form.js
C:\Users\Tomer Hirshfeld\source\repos\ReactGithubProject\ReactGithubProject.Service\Scripts\components\repository\repository-name-form.js.map
C:\Users\Tomer Hirshfeld\source\repos\ReactGithubProject\ReactGithubProject.Service\Scripts\infrastructure\repositories\GithubService.js
C:\Users\Tomer Hirshfeld\source\repos\ReactGithubProject\ReactGithubProject.Service\Scripts\infrastructure\repositories\GithubService.js.map
C:\Users\Tomer Hirshfeld\source\repos\ReactGithubProject\ReactGithubProject.Service\Scripts\components\repository\repository-gallery-item.js
C:\Users\Tomer Hirshfeld\source\repos\ReactGithubProject\ReactGithubProject.Service\Scripts\components\repository\repository-gallery-item.js.map
C:\Users\Tomer Hirshfeld\source\repos\ReactGithubProject\ReactGithubProject.Service\Scripts\components\repository\repository-gallery.js
C:\Users\Tomer Hirshfeld\source\repos\ReactGithubProject\ReactGithubProject.Service\Scripts\components\repository\repository-gallery.js.map
C:\Users\Tomer Hirshfeld\source\repos\ReactGithubProject\ReactGithubProject.Service\Scripts\components\search.js
C:\Users\Tomer Hirshfeld\source\repos\ReactGithubProject\ReactGithubProject.Service\Scripts\components\search.js.map
C:\Users\Tomer Hirshfeld\source\repos\ReactGithubProject\ReactGithubProject.Service\Scripts\components\bookmarks.js
C:\Users\Tomer Hirshfeld\source\repos\ReactGithubProject\ReactGithubProject.Service\Scripts\components\bookmarks.js.map
C:\Users\Tomer Hirshfeld\source\repos\ReactGithubProject\ReactGithubProject.Service\Scripts\components\navigation\navbar-item.js
C:\Users\Tomer Hirshfeld\source\repos\ReactGithubProject\ReactGithubProject.Service\Scripts\components\navigation\navbar-item.js.map
C:\Users\Tomer Hirshfeld\source\repos\ReactGithubProject\ReactGithubProject.Service\Scripts\components\navigation\navbar.js
C:\Users\Tomer Hirshfeld\source\repos\ReactGithubProject\ReactGithubProject.Service\Scripts\components\navigation\navbar.js.map
C:\Users\Tomer Hirshfeld\source\repos\ReactGithubProject\ReactGithubProject.Service\Scripts\components\app.js
C:\Users\Tomer Hirshfeld\source\repos\ReactGithubProject\ReactGithubProject.Service\Scripts\components\app.js.map
C:\Users\Tomer Hirshfeld\source\repos\ReactGithubProject\ReactGithubProject.Service\Scripts\index.js
C:\Users\Tomer Hirshfeld\source\repos\ReactGithubProject\ReactGithubProject.Service\Scripts\index.js.map
